# JRE version: Java(TM) SE Runtime Environment (8.0_141-b15) (build 1.8.0_141-b15)
# Java VM: Java HotSpot(TM) 64-Bit Server VM (25.141-b15 mixed mode bsd-amd64 compressed oops)
Heap:
 PSYoungGen      total 264704K, used 194567K [0x00000007aab00000, 0x00000007bf780000, 0x00000007c0000000)
  eden space 197120K, 85% used [0x00000007aab00000,0x00000007b4fe8cc8,0x00000007b6b80000)
  from space 67584K, 38% used [0x00000007bb580000,0x00000007bce99080,0x00000007bf780000)
  to   space 71680K, 0% used [0x00000007b6b80000,0x00000007b6b80000,0x00000007bb180000)
 ParOldGen       total 409600K, used 347296K [0x0000000780000000, 0x0000000799000000, 0x00000007aab00000)
  object space 409600K, 84% used [0x0000000780000000,0x00000007953280b8,0x0000000799000000)
 Metaspace       used 57754K, capacity 58846K, committed 59056K, reserved 1099776K
  class space    used 7526K, capacity 7784K, committed 7856K, reserved 1048576K
GC Heap History (10 events):
Event: 752.322 GC heap before
{Heap before GC invocations=189 (full 5):
 PSYoungGen      total 242176K, used 180263K [0x00000007aab00000, 0x00000007bf400000, 0x00000007c0000000)
  eden space 157696K, 100% used [0x00000007aab00000,0x00000007b4500000,0x00000007b4500000)
  from space 84480K, 26% used [0x00000007b4500000,0x00000007b5b09c70,0x00000007b9780000)
  to   space 80384K, 0% used [0x00000007ba580000,0x00000007ba580000,0x00000007bf400000)
 ParOldGen       total 409600K, used 347088K [0x0000000780000000, 0x0000000799000000, 0x00000007aab00000)
  object space 409600K, 84% used [0x0000000780000000,0x00000007952f40b8,0x0000000799000000)
 Metaspace       used 57723K, capacity 58804K, committed 59056K, reserved 1099776K
  class space    used 7522K, capacity 7777K, committed 7856K, reserved 1048576K
Event: 752.325 GC heap after
Heap after GC invocations=189 (full 5):
 PSYoungGen      total 251392K, used 1616K [0x00000007aab00000, 0x00000007bf100000, 0x00000007c0000000)
  eden space 174080K, 0% used [0x00000007aab00000,0x00000007aab00000,0x00000007b5500000)
  from space 77312K, 2% used [0x00000007ba580000,0x00000007ba714020,0x00000007bf100000)
  to   space 79872K, 0% used [0x00000007b5500000,0x00000007b5500000,0x00000007ba300000)
 ParOldGen       total 409600K, used 347224K [0x0000000780000000, 0x0000000799000000, 0x00000007aab00000)
  object space 409600K, 84% used [0x0000000780000000,0x00000007953160b8,0x0000000799000000)
 Metaspace       used 57723K, capacity 58804K, committed 59056K, reserved 1099776K
  class space    used 7522K, capacity 7777K, committed 7856K, reserved 1048576K
}
Event: 762.017 GC heap before
{Heap before GC invocations=190 (full 5):
 PSYoungGen      total 251392K, used 175696K [0x00000007aab00000, 0x00000007bf100000, 0x00000007c0000000)
  eden space 174080K, 100% used [0x00000007aab00000,0x00000007b5500000,0x00000007b5500000)
  from space 77312K, 2% used [0x00000007ba580000,0x00000007ba714020,0x00000007bf100000)
  to   space 79872K, 0% used [0x00000007b5500000,0x00000007b5500000,0x00000007ba300000)
 ParOldGen       total 409600K, used 347224K [0x0000000780000000, 0x0000000799000000, 0x00000007aab00000)
  object space 409600K, 84% used [0x0000000780000000,0x00000007953160b8,0x0000000799000000)
 Metaspace       used 57727K, capacity 58810K, committed 59056K, reserved 1099776K
  class space    used 7522K, capacity 7778K, committed 7856K, reserved 1048576K
Event: 762.021 GC heap after
Heap after GC invocations=190 (full 5):
 PSYoungGen      total 253952K, used 1280K [0x00000007aab00000, 0x00000007bfe00000, 0x00000007c0000000)
  eden space 174080K, 0% used [0x00000007aab00000,0x00000007aab00000,0x00000007b5500000)
  from space 79872K, 1% used [0x00000007b5500000,0x00000007b5640000,0x00000007ba300000)
  to   space 78848K, 0% used [0x00000007bb100000,0x00000007bb100000,0x00000007bfe00000)
 ParOldGen       total 409600K, used 347288K [0x0000000780000000, 0x0000000799000000, 0x00000007aab00000)
  object space 409600K, 84% used [0x0000000780000000,0x00000007953260b8,0x0000000799000000)
 Metaspace       used 57727K, capacity 58810K, committed 59056K, reserved 1099776K
  class space    used 7522K, capacity 7778K, committed 7856K, reserved 1048576K
}
Event: 767.379 GC heap before
{Heap before GC invocations=191 (full 5):
 PSYoungGen      total 253952K, used 175360K [0x00000007aab00000, 0x00000007bfe00000, 0x00000007c0000000)
  eden space 174080K, 100% used [0x00000007aab00000,0x00000007b5500000,0x00000007b5500000)
  from space 79872K, 1% used [0x00000007b5500000,0x00000007b5640000,0x00000007ba300000)
  to   space 78848K, 0% used [0x00000007bb100000,0x00000007bb100000,0x00000007bfe00000)
 ParOldGen       total 409600K, used 347288K [0x0000000780000000, 0x0000000799000000, 0x00000007aab00000)
  object space 409600K, 84% used [0x0000000780000000,0x00000007953260b8,0x0000000799000000)
 Metaspace       used 57736K, capacity 58822K, committed 59056K, reserved 1099776K
  class space    used 7523K, capacity 7780K, committed 7856K, reserved 1048576K
Event: 767.385 GC heap after
Heap after GC invocations=191 (full 5):
 PSYoungGen      total 261120K, used 1722K [0x00000007aab00000, 0x00000007bf900000, 0x00000007c0000000)
  eden space 187392K, 0% used [0x00000007aab00000,0x00000007aab00000,0x00000007b6200000)
  from space 73728K, 2% used [0x00000007bb100000,0x00000007bb2aea70,0x00000007bf900000)
  to   space 77312K, 0% used [0x00000007b6200000,0x00000007b6200000,0x00000007bad80000)
 ParOldGen       total 409600K, used 347288K [0x0000000780000000, 0x0000000799000000, 0x00000007aab00000)
  object space 409600K, 84% used [0x0000000780000000,0x00000007953260b8,0x0000000799000000)
 Metaspace       used 57736K, capacity 58822K, committed 59056K, reserved 1099776K
  class space    used 7523K, capacity 7780K, committed 7856K, reserved 1048576K
}
Event: 777.031 GC heap before
{Heap before GC invocations=192 (full 5):
 PSYoungGen      total 261120K, used 189114K [0x00000007aab00000, 0x00000007bf900000, 0x00000007c0000000)
  eden space 187392K, 100% used [0x00000007aab00000,0x00000007b6200000,0x00000007b6200000)
  from space 73728K, 2% used [0x00000007bb100000,0x00000007bb2aea70,0x00000007bf900000)
  to   space 77312K, 0% used [0x00000007b6200000,0x00000007b6200000,0x00000007bad80000)
 ParOldGen       total 409600K, used 347288K [0x0000000780000000, 0x0000000799000000, 0x00000007aab00000)
  object space 409600K, 84% used [0x0000000780000000,0x00000007953260b8,0x0000000799000000)
 Metaspace       used 57744K, capacity 58834K, committed 59056K, reserved 1099776K
  class space    used 7524K, capacity 7782K, committed 7856K, reserved 1048576K
Event: 777.037 GC heap after
Heap after GC invocations=192 (full 5):
 PSYoungGen      total 264704K, used 2992K [0x00000007aab00000, 0x00000007bfe80000, 0x00000007c0000000)
  eden space 187392K, 0% used [0x00000007aab00000,0x00000007aab00000,0x00000007b6200000)
  from space 77312K, 3% used [0x00000007b6200000,0x00000007b64ec2b0,0x00000007bad80000)
  to   space 74752K, 0% used [0x00000007bb580000,0x00000007bb580000,0x00000007bfe80000)
 ParOldGen       total 409600K, used 347296K [0x0000000780000000, 0x0000000799000000, 0x00000007aab00000)
  object space 409600K, 84% used [0x0000000780000000,0x00000007953280b8,0x0000000799000000)
 Metaspace       used 57744K, capacity 58834K, committed 59056K, reserved 1099776K
  class space    used 7524K, capacity 7782K, committed 7856K, reserved 1048576K
}
Event: 782.113 GC heap before
{Heap before GC invocations=193 (full 5):
 PSYoungGen      total 264704K, used 190384K [0x00000007aab00000, 0x00000007bfe80000, 0x00000007c0000000)
  eden space 187392K, 100% used [0x00000007aab00000,0x00000007b6200000,0x00000007b6200000)
  from space 77312K, 3% used [0x00000007b6200000,0x00000007b64ec2b0,0x00000007bad80000)
  to   space 74752K, 0% used [0x00000007bb580000,0x00000007bb580000,0x00000007bfe80000)
 ParOldGen       total 409600K, used 347296K [0x0000000780000000, 0x0000000799000000, 0x00000007aab00000)
  object space 409600K, 84% used [0x0000000780000000,0x00000007953280b8,0x0000000799000000)
 Metaspace       used 57748K, capacity 58840K, committed 59056K, reserved 1099776K
  class space    used 7525K, capacity 7783K, committed 7856K, reserved 1048576K
Event: 782.119 GC heap after
Heap after GC invocations=193 (full 5):
 PSYoungGen      total 264704K, used 25700K [0x00000007aab00000, 0x00000007bf780000, 0x00000007c0000000)
  eden space 197120K, 0% used [0x00000007aab00000,0x00000007aab00000,0x00000007b6b80000)
  from space 67584K, 38% used [0x00000007bb580000,0x00000007bce99080,0x00000007bf780000)
  to   space 71680K, 0% used [0x00000007b6b80000,0x00000007b6b80000,0x00000007bb180000)
 ParOldGen       total 409600K, used 347296K [0x0000000780000000, 0x0000000799000000, 0x00000007aab00000)
  object space 409600K, 84% used [0x0000000780000000,0x00000007953280b8,0x0000000799000000)
 Metaspace       used 57748K, capacity 58840K, committed 59056K, reserved 1099776K
  class space    used 7525K, capacity 7783K, committed 7856K, reserved 1048576K
}

