# JRE version: Java(TM) SE Runtime Environment (8.0_141-b15) (build 1.8.0_141-b15)
# Java VM: Java HotSpot(TM) 64-Bit Server VM (25.141-b15 mixed mode bsd-amd64 compressed oops)
Heap:
 PSYoungGen      total 235520K, used 218179K [0x00000007aab00000, 0x00000007b9b00000, 0x00000007c0000000)
  eden space 230912K, 92% used [0x00000007aab00000,0x00000007b7bec518,0x00000007b8c80000)
  from space 4608K, 92% used [0x00000007b9680000,0x00000007b9aa4a00,0x00000007b9b00000)
  to   space 7168K, 0% used [0x00000007b8d00000,0x00000007b8d00000,0x00000007b9400000)
 ParOldGen       total 238080K, used 75880K [0x0000000780000000, 0x000000078e880000, 0x00000007aab00000)
  object space 238080K, 31% used [0x0000000780000000,0x0000000784a1a2d0,0x000000078e880000)
 Metaspace       used 52948K, capacity 55104K, committed 59544K, reserved 1099776K
  class space    used 7091K, capacity 7557K, committed 8368K, reserved 1048576K
GC Heap History (10 events):
Event: 9807.819 GC heap before
{Heap before GC invocations=614 (full 8):
 PSYoungGen      total 204800K, used 204704K [0x00000007aab00000, 0x00000007b8900000, 0x00000007c0000000)
  eden space 199168K, 100% used [0x00000007aab00000,0x00000007b6d80000,0x00000007b6d80000)
  from space 5632K, 98% used [0x00000007b8100000,0x00000007b8668148,0x00000007b8680000)
  to   space 2560K, 0% used [0x00000007b8680000,0x00000007b8680000,0x00000007b8900000)
 ParOldGen       total 238080K, used 72013K [0x0000000780000000, 0x000000078e880000, 0x00000007aab00000)
  object space 238080K, 30% used [0x0000000780000000,0x00000007846536a8,0x000000078e880000)
 Metaspace       used 52697K, capacity 54702K, committed 59544K, reserved 1099776K
  class space    used 7054K, capacity 7490K, committed 8368K, reserved 1048576K
Event: 9807.823 GC heap after
Heap after GC invocations=614 (full 8):
 PSYoungGen      total 196608K, used 2560K [0x00000007aab00000, 0x00000007b8900000, 0x00000007c0000000)
  eden space 194048K, 0% used [0x00000007aab00000,0x00000007aab00000,0x00000007b6880000)
  from space 2560K, 100% used [0x00000007b8680000,0x00000007b8900000,0x00000007b8900000)
  to   space 6656K, 0% used [0x00000007b7c00000,0x00000007b7c00000,0x00000007b8280000)
 ParOldGen       total 238080K, used 75256K [0x0000000780000000, 0x000000078e880000, 0x00000007aab00000)
  object space 238080K, 31% used [0x0000000780000000,0x000000078497e0a0,0x000000078e880000)
 Metaspace       used 52697K, capacity 54702K, committed 59544K, reserved 1099776K
  class space    used 7054K, capacity 7490K, committed 8368K, reserved 1048576K
}
Event: 9821.366 GC heap before
{Heap before GC invocations=615 (full 8):
 PSYoungGen      total 196608K, used 196608K [0x00000007aab00000, 0x00000007b8900000, 0x00000007c0000000)
  eden space 194048K, 100% used [0x00000007aab00000,0x00000007b6880000,0x00000007b6880000)
  from space 2560K, 100% used [0x00000007b8680000,0x00000007b8900000,0x00000007b8900000)
  to   space 6656K, 0% used [0x00000007b7c00000,0x00000007b7c00000,0x00000007b8280000)
 ParOldGen       total 238080K, used 75256K [0x0000000780000000, 0x000000078e880000, 0x00000007aab00000)
  object space 238080K, 31% used [0x0000000780000000,0x000000078497e0a0,0x000000078e880000)
 Metaspace       used 52742K, capacity 54774K, committed 59544K, reserved 1099776K
  class space    used 7060K, capacity 7502K, committed 8368K, reserved 1048576K
Event: 9821.369 GC heap after
Heap after GC invocations=615 (full 8):
 PSYoungGen      total 193536K, used 3776K [0x00000007aab00000, 0x00000007b8700000, 0x00000007c0000000)
  eden space 189440K, 0% used [0x00000007aab00000,0x00000007aab00000,0x00000007b6400000)
  from space 4096K, 92% used [0x00000007b7c00000,0x00000007b7fb0030,0x00000007b8000000)
  to   space 7168K, 0% used [0x00000007b8000000,0x00000007b8000000,0x00000007b8700000)
 ParOldGen       total 238080K, used 75496K [0x0000000780000000, 0x000000078e880000, 0x00000007aab00000)
  object space 238080K, 31% used [0x0000000780000000,0x00000007849ba0a0,0x000000078e880000)
 Metaspace       used 52742K, capacity 54774K, committed 59544K, reserved 1099776K
  class space    used 7060K, capacity 7502K, committed 8368K, reserved 1048576K
}
Event: 9821.458 GC heap before
{Heap before GC invocations=616 (full 8):
 PSYoungGen      total 193536K, used 193216K [0x00000007aab00000, 0x00000007b8700000, 0x00000007c0000000)
  eden space 189440K, 100% used [0x00000007aab00000,0x00000007b6400000,0x00000007b6400000)
  from space 4096K, 92% used [0x00000007b7c00000,0x00000007b7fb0030,0x00000007b8000000)
  to   space 7168K, 0% used [0x00000007b8000000,0x00000007b8000000,0x00000007b8700000)
 ParOldGen       total 238080K, used 75496K [0x0000000780000000, 0x000000078e880000, 0x00000007aab00000)
  object space 238080K, 31% used [0x0000000780000000,0x00000007849ba0a0,0x000000078e880000)
 Metaspace       used 52742K, capacity 54774K, committed 59544K, reserved 1099776K
  class space    used 7060K, capacity 7502K, committed 8368K, reserved 1048576K
Event: 9821.462 GC heap after
Heap after GC invocations=616 (full 8):
 PSYoungGen      total 218112K, used 3040K [0x00000007aab00000, 0x00000007b8880000, 0x00000007c0000000)
  eden space 210944K, 0% used [0x00000007aab00000,0x00000007aab00000,0x00000007b7900000)
  from space 7168K, 42% used [0x00000007b8000000,0x00000007b82f8030,0x00000007b8700000)
  to   space 7168K, 0% used [0x00000007b7900000,0x00000007b7900000,0x00000007b8000000)
 ParOldGen       total 238080K, used 75496K [0x0000000780000000, 0x000000078e880000, 0x00000007aab00000)
  object space 238080K, 31% used [0x0000000780000000,0x00000007849ba0a0,0x000000078e880000)
 Metaspace       used 52742K, capacity 54774K, committed 59544K, reserved 1099776K
  class space    used 7060K, capacity 7502K, committed 8368K, reserved 1048576K
}
Event: 9846.330 GC heap before
{Heap before GC invocations=617 (full 8):
 PSYoungGen      total 218112K, used 212735K [0x00000007aab00000, 0x00000007b8880000, 0x00000007c0000000)
  eden space 210944K, 99% used [0x00000007aab00000,0x00000007b77c7dc0,0x00000007b7900000)
  from space 7168K, 42% used [0x00000007b8000000,0x00000007b82f8030,0x00000007b8700000)
  to   space 7168K, 0% used [0x00000007b7900000,0x00000007b7900000,0x00000007b8000000)
 ParOldGen       total 238080K, used 75496K [0x0000000780000000, 0x000000078e880000, 0x00000007aab00000)
  object space 238080K, 31% used [0x0000000780000000,0x00000007849ba0a0,0x000000078e880000)
 Metaspace       used 52810K, capacity 54882K, committed 59544K, reserved 1099776K
  class space    used 7070K, capacity 7520K, committed 8368K, reserved 1048576K
Event: 9846.334 GC heap after
Heap after GC invocations=617 (full 8):
 PSYoungGen      total 218112K, used 4000K [0x00000007aab00000, 0x00000007b9d80000, 0x00000007c0000000)
  eden space 210944K, 0% used [0x00000007aab00000,0x00000007aab00000,0x00000007b7900000)
  from space 7168K, 55% used [0x00000007b7900000,0x00000007b7ce80c8,0x00000007b8000000)
  to   space 7168K, 0% used [0x00000007b9680000,0x00000007b9680000,0x00000007b9d80000)
 ParOldGen       total 238080K, used 75584K [0x0000000780000000, 0x000000078e880000, 0x00000007aab00000)
  object space 238080K, 31% used [0x0000000780000000,0x00000007849d02d0,0x000000078e880000)
 Metaspace       used 52810K, capacity 54882K, committed 59544K, reserved 1099776K
  class space    used 7070K, capacity 7520K, committed 8368K, reserved 1048576K
}
Event: 9871.331 GC heap before
{Heap before GC invocations=618 (full 8):
 PSYoungGen      total 218112K, used 212254K [0x00000007aab00000, 0x00000007b9d80000, 0x00000007c0000000)
  eden space 210944K, 98% used [0x00000007aab00000,0x00000007b765f9b8,0x00000007b7900000)
  from space 7168K, 55% used [0x00000007b7900000,0x00000007b7ce80c8,0x00000007b8000000)
  to   space 7168K, 0% used [0x00000007b9680000,0x00000007b9680000,0x00000007b9d80000)
 ParOldGen       total 238080K, used 75584K [0x0000000780000000, 0x000000078e880000, 0x00000007aab00000)
  object space 238080K, 31% used [0x0000000780000000,0x00000007849d02d0,0x000000078e880000)
 Metaspace       used 52881K, capacity 54996K, committed 59544K, reserved 1099776K
  class space    used 7081K, capacity 7539K, committed 8368K, reserved 1048576K
Event: 9871.336 GC heap after
Heap after GC invocations=618 (full 8):
 PSYoungGen      total 235520K, used 4242K [0x00000007aab00000, 0x00000007b9b00000, 0x00000007c0000000)
  eden space 230912K, 0% used [0x00000007aab00000,0x00000007aab00000,0x00000007b8c80000)
  from space 4608K, 92% used [0x00000007b9680000,0x00000007b9aa4a00,0x00000007b9b00000)
  to   space 7168K, 0% used [0x00000007b8d00000,0x00000007b8d00000,0x00000007b9400000)
 ParOldGen       total 238080K, used 75880K [0x0000000780000000, 0x000000078e880000, 0x00000007aab00000)
  object space 238080K, 31% used [0x0000000780000000,0x0000000784a1a2d0,0x000000078e880000)
 Metaspace       used 52881K, capacity 54996K, committed 59544K, reserved 1099776K
  class space    used 7081K, capacity 7539K, committed 8368K, reserved 1048576K
}

