# JRE version: Java(TM) SE Runtime Environment (8.0_141-b15) (build 1.8.0_141-b15)
# Java VM: Java HotSpot(TM) 64-Bit Server VM (25.141-b15 mixed mode bsd-amd64 compressed oops)
Heap:
 PSYoungGen      total 251904K, used 2769K [0x00000007aab00000, 0x00000007c0000000, 0x00000007c0000000)
  eden space 153600K, 0% used [0x00000007aab00000,0x00000007aac5c558,0x00000007b4100000)
  from space 98304K, 1% used [0x00000007ba000000,0x00000007ba158000,0x00000007c0000000)
  to   space 97280K, 0% used [0x00000007b4100000,0x00000007b4100000,0x00000007ba000000)
 ParOldGen       total 393728K, used 338130K [0x0000000780000000, 0x0000000798080000, 0x00000007aab00000)
  object space 393728K, 85% used [0x0000000780000000,0x0000000794a34930,0x0000000798080000)
 Metaspace       used 57729K, capacity 58710K, committed 59944K, reserved 1101824K
  class space    used 7487K, capacity 7714K, committed 7976K, reserved 1048576K
GC Heap History (10 events):
Event: 1561.027 GC heap before
{Heap before GC invocations=286 (full 4):
 PSYoungGen      total 185344K, used 184855K [0x00000007aab00000, 0x00000007bf280000, 0x00000007c0000000)
  eden space 162304K, 100% used [0x00000007aab00000,0x00000007b4980000,0x00000007b4980000)
  from space 23040K, 97% used [0x00000007b4980000,0x00000007b5f85c40,0x00000007b6000000)
  to   space 86528K, 0% used [0x00000007b9e00000,0x00000007b9e00000,0x00000007bf280000)
 ParOldGen       total 393728K, used 337658K [0x0000000780000000, 0x0000000798080000, 0x00000007aab00000)
  object space 393728K, 85% used [0x0000000780000000,0x00000007949be930,0x0000000798080000)
 Metaspace       used 57717K, capacity 58692K, committed 59944K, reserved 1101824K
  class space    used 7485K, capacity 7711K, committed 7976K, reserved 1048576K
Event: 1561.043 GC heap after
Heap after GC invocations=286 (full 4):
 PSYoungGen      total 251392K, used 15750K [0x00000007aab00000, 0x00000007bf100000, 0x00000007c0000000)
  eden space 166400K, 0% used [0x00000007aab00000,0x00000007aab00000,0x00000007b4d80000)
  from space 84992K, 18% used [0x00000007b9e00000,0x00000007bad61a70,0x00000007bf100000)
  to   space 82432K, 0% used [0x00000007b4d80000,0x00000007b4d80000,0x00000007b9e00000)
 ParOldGen       total 393728K, used 337730K [0x0000000780000000, 0x0000000798080000, 0x00000007aab00000)
  object space 393728K, 85% used [0x0000000780000000,0x00000007949d0930,0x0000000798080000)
 Metaspace       used 57717K, capacity 58692K, committed 59944K, reserved 1101824K
  class space    used 7485K, capacity 7711K, committed 7976K, reserved 1048576K
}
Event: 1566.094 GC heap before
{Heap before GC invocations=287 (full 4):
 PSYoungGen      total 251392K, used 182150K [0x00000007aab00000, 0x00000007bf100000, 0x00000007c0000000)
  eden space 166400K, 100% used [0x00000007aab00000,0x00000007b4d80000,0x00000007b4d80000)
  from space 84992K, 18% used [0x00000007b9e00000,0x00000007bad61a70,0x00000007bf100000)
  to   space 82432K, 0% used [0x00000007b4d80000,0x00000007b4d80000,0x00000007b9e00000)
 ParOldGen       total 393728K, used 337730K [0x0000000780000000, 0x0000000798080000, 0x00000007aab00000)
  object space 393728K, 85% used [0x0000000780000000,0x00000007949d0930,0x0000000798080000)
 Metaspace       used 57721K, capacity 58698K, committed 59944K, reserved 1101824K
  class space    used 7485K, capacity 7712K, committed 7976K, reserved 1048576K
Event: 1566.105 GC heap after
Heap after GC invocations=287 (full 4):
 PSYoungGen      total 248832K, used 46264K [0x00000007aab00000, 0x00000007bf900000, 0x00000007c0000000)
  eden space 166400K, 0% used [0x00000007aab00000,0x00000007aab00000,0x00000007b4d80000)
  from space 82432K, 56% used [0x00000007b4d80000,0x00000007b7aae2a8,0x00000007b9e00000)
  to   space 84480K, 0% used [0x00000007ba680000,0x00000007ba680000,0x00000007bf900000)
 ParOldGen       total 393728K, used 337802K [0x0000000780000000, 0x0000000798080000, 0x00000007aab00000)
  object space 393728K, 85% used [0x0000000780000000,0x00000007949e2930,0x0000000798080000)
 Metaspace       used 57721K, capacity 58698K, committed 59944K, reserved 1101824K
  class space    used 7485K, capacity 7712K, committed 7976K, reserved 1048576K
}
Event: 1570.841 GC heap before
{Heap before GC invocations=288 (full 4):
 PSYoungGen      total 248832K, used 212650K [0x00000007aab00000, 0x00000007bf900000, 0x00000007c0000000)
  eden space 166400K, 99% used [0x00000007aab00000,0x00000007b4d7c770,0x00000007b4d80000)
  from space 82432K, 56% used [0x00000007b4d80000,0x00000007b7aae2a8,0x00000007b9e00000)
  to   space 84480K, 0% used [0x00000007ba680000,0x00000007ba680000,0x00000007bf900000)
 ParOldGen       total 393728K, used 337802K [0x0000000780000000, 0x0000000798080000, 0x00000007aab00000)
  object space 393728K, 85% used [0x0000000780000000,0x00000007949e2930,0x0000000798080000)
 Metaspace       used 57725K, capacity 58704K, committed 59944K, reserved 1101824K
  class space    used 7486K, capacity 7713K, committed 7976K, reserved 1048576K
Event: 1570.857 GC heap after
Heap after GC invocations=288 (full 4):
 PSYoungGen      total 241152K, used 75201K [0x00000007aab00000, 0x00000007c0000000, 0x00000007c0000000)
  eden space 156672K, 0% used [0x00000007aab00000,0x00000007aab00000,0x00000007b4400000)
  from space 84480K, 89% used [0x00000007ba680000,0x00000007beff07b8,0x00000007bf900000)
  to   space 96256K, 0% used [0x00000007b4400000,0x00000007b4400000,0x00000007ba200000)
 ParOldGen       total 393728K, used 337930K [0x0000000780000000, 0x0000000798080000, 0x00000007aab00000)
  object space 393728K, 85% used [0x0000000780000000,0x0000000794a02930,0x0000000798080000)
 Metaspace       used 57725K, capacity 58704K, committed 59944K, reserved 1101824K
  class space    used 7486K, capacity 7713K, committed 7976K, reserved 1048576K
}
Event: 1575.831 GC heap before
{Heap before GC invocations=289 (full 4):
 PSYoungGen      total 241152K, used 231836K [0x00000007aab00000, 0x00000007c0000000, 0x00000007c0000000)
  eden space 156672K, 99% used [0x00000007aab00000,0x00000007b43f6b30,0x00000007b4400000)
  from space 84480K, 89% used [0x00000007ba680000,0x00000007beff07b8,0x00000007bf900000)
  to   space 96256K, 0% used [0x00000007b4400000,0x00000007b4400000,0x00000007ba200000)
 ParOldGen       total 393728K, used 337930K [0x0000000780000000, 0x0000000798080000, 0x00000007aab00000)
  object space 393728K, 85% used [0x0000000780000000,0x0000000794a02930,0x0000000798080000)
 Metaspace       used 57729K, capacity 58710K, committed 59944K, reserved 1101824K
  class space    used 7487K, capacity 7714K, committed 7976K, reserved 1048576K
Event: 1575.841 GC heap after
Heap after GC invocations=289 (full 4):
 PSYoungGen      total 211456K, used 54575K [0x00000007aab00000, 0x00000007c0000000, 0x00000007c0000000)
  eden space 156672K, 0% used [0x00000007aab00000,0x00000007aab00000,0x00000007b4400000)
  from space 54784K, 99% used [0x00000007b4400000,0x00000007b794be98,0x00000007b7980000)
  to   space 98304K, 0% used [0x00000007ba000000,0x00000007ba000000,0x00000007c0000000)
 ParOldGen       total 393728K, used 338058K [0x0000000780000000, 0x0000000798080000, 0x00000007aab00000)
  object space 393728K, 85% used [0x0000000780000000,0x0000000794a22930,0x0000000798080000)
 Metaspace       used 57729K, capacity 58710K, committed 59944K, reserved 1101824K
  class space    used 7487K, capacity 7714K, committed 7976K, reserved 1048576K
}
Event: 1580.406 GC heap before
{Heap before GC invocations=290 (full 4):
 PSYoungGen      total 211456K, used 210696K [0x00000007aab00000, 0x00000007c0000000, 0x00000007c0000000)
  eden space 156672K, 99% used [0x00000007aab00000,0x00000007b4376380,0x00000007b4400000)
  from space 54784K, 99% used [0x00000007b4400000,0x00000007b794be98,0x00000007b7980000)
  to   space 98304K, 0% used [0x00000007ba000000,0x00000007ba000000,0x00000007c0000000)
 ParOldGen       total 393728K, used 338058K [0x0000000780000000, 0x0000000798080000, 0x00000007aab00000)
  object space 393728K, 85% used [0x0000000780000000,0x0000000794a22930,0x0000000798080000)
 Metaspace       used 57729K, capacity 58710K, committed 59944K, reserved 1101824K
  class space    used 7487K, capacity 7714K, committed 7976K, reserved 1048576K
Event: 1580.409 GC heap after
Heap after GC invocations=290 (full 4):
 PSYoungGen      total 251904K, used 1376K [0x00000007aab00000, 0x00000007c0000000, 0x00000007c0000000)
  eden space 153600K, 0% used [0x00000007aab00000,0x00000007aab00000,0x00000007b4100000)
  from space 98304K, 1% used [0x00000007ba000000,0x00000007ba158000,0x00000007c0000000)
  to   space 97280K, 0% used [0x00000007b4100000,0x00000007b4100000,0x00000007ba000000)
 ParOldGen       total 393728K, used 338130K [0x0000000780000000, 0x0000000798080000, 0x00000007aab00000)
  object space 393728K, 85% used [0x0000000780000000,0x0000000794a34930,0x0000000798080000)
 Metaspace       used 57729K, capacity 58710K, committed 59944K, reserved 1101824K
  class space    used 7487K, capacity 7714K, committed 7976K, reserved 1048576K
}

